[INFO  - 2015-09-14T19:17:45.688Z] GhostDriver - Main - running on port 51744
[INFO  - 2015-09-14T19:17:45.973Z] Session [47acdca0-5b15-11e5-ae0e-45d17482e9c3] - page.settings - {"XSSAuditingEnabled":false,"javascriptCanCloseWindows":true,"javascriptCanOpenWindows":true,"javascriptEnabled":true,"loadImages":true,"localToRemoteUrlAccessEnabled":false,"userAgent":"Mozilla/5.0 (Macintosh; Intel Mac OS X) AppleWebKit/538.1 (KHTML, like Gecko) PhantomJS/2.0.0 Safari/538.1","webSecurityEnabled":true}
[INFO  - 2015-09-14T19:17:45.973Z] Session [47acdca0-5b15-11e5-ae0e-45d17482e9c3] - page.customHeaders:  - {}
[INFO  - 2015-09-14T19:17:45.973Z] Session [47acdca0-5b15-11e5-ae0e-45d17482e9c3] - Session.negotiatedCapabilities - {"browserName":"phantomjs","version":"2.0.0","driverName":"ghostdriver","driverVersion":"1.2.0","platform":"mac-10.9 (Mavericks)-64bit","javascriptEnabled":true,"takesScreenshot":true,"handlesAlerts":false,"databaseEnabled":false,"locationContextEnabled":false,"applicationCacheEnabled":false,"browserConnectionEnabled":false,"cssSelectorsEnabled":true,"webStorageEnabled":false,"rotatable":false,"acceptSslCerts":false,"nativeEvents":true,"proxy":{"proxyType":"direct"}}
[INFO  - 2015-09-14T19:17:45.974Z] SessionManagerReqHand - _postNewSessionCommand - New Session Created: 47acdca0-5b15-11e5-ae0e-45d17482e9c3
[ERROR - 2015-09-14T19:17:46.949Z] Session [47acdca0-5b15-11e5-ae0e-45d17482e9c3] - page.onError - msg: TypeError: null is not an object (evaluating 'document.getElementById(menuids[i]).getElementsByTagName')

  :262 in error
[ERROR - 2015-09-14T19:17:46.950Z] Session [47acdca0-5b15-11e5-ae0e-45d17482e9c3] - page.onError - stack:
  createcssmenu (http://farmer.gov.in/js/cssverticalmenu.js:6)

  :262 in error
[ERROR - 2015-09-14T19:17:49.847Z] Session [47acdca0-5b15-11e5-ae0e-45d17482e9c3] - page.onError - msg: TypeError: null is not an object (evaluating 'document.getElementById(menuids[i]).getElementsByTagName')

  :262 in error
[ERROR - 2015-09-14T19:17:49.848Z] Session [47acdca0-5b15-11e5-ae0e-45d17482e9c3] - page.onError - stack:
  createcssmenu (http://farmer.gov.in/js/cssverticalmenu.js:6)

  :262 in error
[ERROR - 2015-09-14T19:17:57.028Z] Session [47acdca0-5b15-11e5-ae0e-45d17482e9c3] - page.onError - msg: TypeError: null is not an object (evaluating 'document.getElementById(menuids[i]).getElementsByTagName')

  :262 in error
[ERROR - 2015-09-14T19:17:57.028Z] Session [47acdca0-5b15-11e5-ae0e-45d17482e9c3] - page.onError - stack:
  createcssmenu (http://farmer.gov.in/js/cssverticalmenu.js:6)

  :262 in error
[ERROR - 2015-09-14T19:18:02.575Z] Session [47acdca0-5b15-11e5-ae0e-45d17482e9c3] - page.onError - msg: TypeError: null is not an object (evaluating 'document.getElementById(menuids[i]).getElementsByTagName')

  :262 in error
[ERROR - 2015-09-14T19:18:02.575Z] Session [47acdca0-5b15-11e5-ae0e-45d17482e9c3] - page.onError - stack:
  createcssmenu (http://farmer.gov.in/js/cssverticalmenu.js:6)

  :262 in error
[ERROR - 2015-09-14T19:18:08.026Z] Session [47acdca0-5b15-11e5-ae0e-45d17482e9c3] - page.onError - msg: TypeError: null is not an object (evaluating 'document.getElementById(menuids[i]).getElementsByTagName')

  :262 in error
[ERROR - 2015-09-14T19:18:08.026Z] Session [47acdca0-5b15-11e5-ae0e-45d17482e9c3] - page.onError - stack:
  createcssmenu (http://farmer.gov.in/js/cssverticalmenu.js:6)

  :262 in error
[ERROR - 2015-09-14T19:18:14.704Z] Session [47acdca0-5b15-11e5-ae0e-45d17482e9c3] - page.onError - msg: TypeError: null is not an object (evaluating 'document.getElementById(menuids[i]).getElementsByTagName')

  :262 in error
[ERROR - 2015-09-14T19:18:14.704Z] Session [47acdca0-5b15-11e5-ae0e-45d17482e9c3] - page.onError - stack:
  createcssmenu (http://farmer.gov.in/js/cssverticalmenu.js:6)

  :262 in error
[ERROR - 2015-09-14T19:18:23.928Z] Session [47acdca0-5b15-11e5-ae0e-45d17482e9c3] - page.onError - msg: TypeError: null is not an object (evaluating 'document.getElementById(menuids[i]).getElementsByTagName')

  :262 in error
[ERROR - 2015-09-14T19:18:23.928Z] Session [47acdca0-5b15-11e5-ae0e-45d17482e9c3] - page.onError - stack:
  createcssmenu (http://farmer.gov.in/js/cssverticalmenu.js:6)

  :262 in error
[ERROR - 2015-09-14T19:18:27.296Z] Session [47acdca0-5b15-11e5-ae0e-45d17482e9c3] - page.onError - msg: TypeError: null is not an object (evaluating 'document.getElementById(menuids[i]).getElementsByTagName')

  :262 in error
[ERROR - 2015-09-14T19:18:27.296Z] Session [47acdca0-5b15-11e5-ae0e-45d17482e9c3] - page.onError - stack:
  createcssmenu (http://farmer.gov.in/js/cssverticalmenu.js:6)

  :262 in error
[ERROR - 2015-09-14T19:18:29.566Z] Session [47acdca0-5b15-11e5-ae0e-45d17482e9c3] - page.onError - msg: TypeError: null is not an object (evaluating 'document.getElementById(menuids[i]).getElementsByTagName')

  :262 in error
[ERROR - 2015-09-14T19:18:29.567Z] Session [47acdca0-5b15-11e5-ae0e-45d17482e9c3] - page.onError - stack:
  createcssmenu (http://farmer.gov.in/js/cssverticalmenu.js:6)

  :262 in error
[ERROR - 2015-09-14T19:18:41.694Z] Session [47acdca0-5b15-11e5-ae0e-45d17482e9c3] - page.onError - msg: TypeError: null is not an object (evaluating 'document.getElementById(menuids[i]).getElementsByTagName')

  :262 in error
[ERROR - 2015-09-14T19:18:41.694Z] Session [47acdca0-5b15-11e5-ae0e-45d17482e9c3] - page.onError - stack:
  createcssmenu (http://farmer.gov.in/js/cssverticalmenu.js:6)

  :262 in error
[ERROR - 2015-09-14T19:18:54.730Z] Session [47acdca0-5b15-11e5-ae0e-45d17482e9c3] - page.onError - msg: TypeError: null is not an object (evaluating 'document.getElementById(menuids[i]).getElementsByTagName')

  :262 in error
[ERROR - 2015-09-14T19:18:54.730Z] Session [47acdca0-5b15-11e5-ae0e-45d17482e9c3] - page.onError - stack:
  createcssmenu (http://farmer.gov.in/js/cssverticalmenu.js:6)

  :262 in error
[ERROR - 2015-09-14T19:19:10.838Z] Session [47acdca0-5b15-11e5-ae0e-45d17482e9c3] - page.onError - msg: TypeError: null is not an object (evaluating 'document.getElementById(menuids[i]).getElementsByTagName')

  :262 in error
[ERROR - 2015-09-14T19:19:10.839Z] Session [47acdca0-5b15-11e5-ae0e-45d17482e9c3] - page.onError - stack:
  createcssmenu (http://farmer.gov.in/js/cssverticalmenu.js:6)

  :262 in error
[ERROR - 2015-09-14T19:19:23.002Z] Session [47acdca0-5b15-11e5-ae0e-45d17482e9c3] - page.onError - msg: TypeError: null is not an object (evaluating 'document.getElementById(menuids[i]).getElementsByTagName')

  :262 in error
[ERROR - 2015-09-14T19:19:23.002Z] Session [47acdca0-5b15-11e5-ae0e-45d17482e9c3] - page.onError - stack:
  createcssmenu (http://farmer.gov.in/js/cssverticalmenu.js:6)

  :262 in error
[ERROR - 2015-09-14T19:19:38.932Z] Session [47acdca0-5b15-11e5-ae0e-45d17482e9c3] - page.onError - msg: TypeError: null is not an object (evaluating 'document.getElementById(menuids[i]).getElementsByTagName')

  :262 in error
[ERROR - 2015-09-14T19:19:38.932Z] Session [47acdca0-5b15-11e5-ae0e-45d17482e9c3] - page.onError - stack:
  createcssmenu (http://farmer.gov.in/js/cssverticalmenu.js:6)

  :262 in error
[ERROR - 2015-09-14T19:19:52.281Z] Session [47acdca0-5b15-11e5-ae0e-45d17482e9c3] - page.onError - msg: TypeError: null is not an object (evaluating 'document.getElementById(menuids[i]).getElementsByTagName')

  :262 in error
[ERROR - 2015-09-14T19:19:52.281Z] Session [47acdca0-5b15-11e5-ae0e-45d17482e9c3] - page.onError - stack:
  createcssmenu (http://farmer.gov.in/js/cssverticalmenu.js:6)

  :262 in error
[ERROR - 2015-09-14T19:20:07.731Z] Session [47acdca0-5b15-11e5-ae0e-45d17482e9c3] - page.onError - msg: TypeError: null is not an object (evaluating 'document.getElementById(menuids[i]).getElementsByTagName')

  :262 in error
[ERROR - 2015-09-14T19:20:07.731Z] Session [47acdca0-5b15-11e5-ae0e-45d17482e9c3] - page.onError - stack:
  createcssmenu (http://farmer.gov.in/js/cssverticalmenu.js:6)

  :262 in error
[ERROR - 2015-09-14T19:20:18.752Z] Session [47acdca0-5b15-11e5-ae0e-45d17482e9c3] - page.onError - msg: TypeError: null is not an object (evaluating 'document.getElementById(menuids[i]).getElementsByTagName')

  :262 in error
[ERROR - 2015-09-14T19:20:18.752Z] Session [47acdca0-5b15-11e5-ae0e-45d17482e9c3] - page.onError - stack:
  createcssmenu (http://farmer.gov.in/js/cssverticalmenu.js:6)

  :262 in error
[ERROR - 2015-09-14T19:20:34.640Z] Session [47acdca0-5b15-11e5-ae0e-45d17482e9c3] - page.onError - msg: TypeError: null is not an object (evaluating 'document.getElementById(menuids[i]).getElementsByTagName')

  :262 in error
[ERROR - 2015-09-14T19:20:34.640Z] Session [47acdca0-5b15-11e5-ae0e-45d17482e9c3] - page.onError - stack:
  createcssmenu (http://farmer.gov.in/js/cssverticalmenu.js:6)

  :262 in error
[ERROR - 2015-09-14T19:20:47.749Z] Session [47acdca0-5b15-11e5-ae0e-45d17482e9c3] - page.onError - msg: TypeError: null is not an object (evaluating 'document.getElementById(menuids[i]).getElementsByTagName')

  :262 in error
[ERROR - 2015-09-14T19:20:47.749Z] Session [47acdca0-5b15-11e5-ae0e-45d17482e9c3] - page.onError - stack:
  createcssmenu (http://farmer.gov.in/js/cssverticalmenu.js:6)

  :262 in error
[ERROR - 2015-09-14T19:21:03.816Z] Session [47acdca0-5b15-11e5-ae0e-45d17482e9c3] - page.onError - msg: TypeError: null is not an object (evaluating 'document.getElementById(menuids[i]).getElementsByTagName')

  :262 in error
[ERROR - 2015-09-14T19:21:03.817Z] Session [47acdca0-5b15-11e5-ae0e-45d17482e9c3] - page.onError - stack:
  createcssmenu (http://farmer.gov.in/js/cssverticalmenu.js:6)

  :262 in error
[ERROR - 2015-09-14T19:21:15.261Z] Session [47acdca0-5b15-11e5-ae0e-45d17482e9c3] - page.onError - msg: TypeError: null is not an object (evaluating 'document.getElementById(menuids[i]).getElementsByTagName')

  :262 in error
[ERROR - 2015-09-14T19:21:15.261Z] Session [47acdca0-5b15-11e5-ae0e-45d17482e9c3] - page.onError - stack:
  createcssmenu (http://farmer.gov.in/js/cssverticalmenu.js:6)

  :262 in error
[ERROR - 2015-09-14T19:21:31.280Z] Session [47acdca0-5b15-11e5-ae0e-45d17482e9c3] - page.onError - msg: TypeError: null is not an object (evaluating 'document.getElementById(menuids[i]).getElementsByTagName')

  :262 in error
[ERROR - 2015-09-14T19:21:31.280Z] Session [47acdca0-5b15-11e5-ae0e-45d17482e9c3] - page.onError - stack:
  createcssmenu (http://farmer.gov.in/js/cssverticalmenu.js:6)

  :262 in error
[ERROR - 2015-09-14T19:21:45.192Z] Session [47acdca0-5b15-11e5-ae0e-45d17482e9c3] - page.onError - msg: TypeError: null is not an object (evaluating 'document.getElementById(menuids[i]).getElementsByTagName')

  :262 in error
[ERROR - 2015-09-14T19:21:45.192Z] Session [47acdca0-5b15-11e5-ae0e-45d17482e9c3] - page.onError - stack:
  createcssmenu (http://farmer.gov.in/js/cssverticalmenu.js:6)

  :262 in error
[ERROR - 2015-09-14T19:22:02.538Z] Session [47acdca0-5b15-11e5-ae0e-45d17482e9c3] - page.onError - msg: TypeError: null is not an object (evaluating 'document.getElementById(menuids[i]).getElementsByTagName')

  :262 in error
[ERROR - 2015-09-14T19:22:02.538Z] Session [47acdca0-5b15-11e5-ae0e-45d17482e9c3] - page.onError - stack:
  createcssmenu (http://farmer.gov.in/js/cssverticalmenu.js:6)

  :262 in error
[ERROR - 2015-09-14T19:22:18.687Z] Session [47acdca0-5b15-11e5-ae0e-45d17482e9c3] - page.onError - msg: TypeError: null is not an object (evaluating 'document.getElementById(menuids[i]).getElementsByTagName')

  :262 in error
[ERROR - 2015-09-14T19:22:18.687Z] Session [47acdca0-5b15-11e5-ae0e-45d17482e9c3] - page.onError - stack:
  createcssmenu (http://farmer.gov.in/js/cssverticalmenu.js:6)

  :262 in error
[ERROR - 2015-09-14T19:22:35.193Z] Session [47acdca0-5b15-11e5-ae0e-45d17482e9c3] - page.onError - msg: TypeError: null is not an object (evaluating 'document.getElementById(menuids[i]).getElementsByTagName')

  :262 in error
[ERROR - 2015-09-14T19:22:35.193Z] Session [47acdca0-5b15-11e5-ae0e-45d17482e9c3] - page.onError - stack:
  createcssmenu (http://farmer.gov.in/js/cssverticalmenu.js:6)

  :262 in error
[INFO  - 2015-09-14T19:22:45.687Z] SessionManagerReqHand - _cleanupWindowlessSessions - Asynchronous Sessions clean-up phase starting NOW
[ERROR - 2015-09-14T19:22:46.370Z] Session [47acdca0-5b15-11e5-ae0e-45d17482e9c3] - page.onError - msg: TypeError: null is not an object (evaluating 'document.getElementById(menuids[i]).getElementsByTagName')

  :262 in error
[ERROR - 2015-09-14T19:22:46.370Z] Session [47acdca0-5b15-11e5-ae0e-45d17482e9c3] - page.onError - stack:
  createcssmenu (http://farmer.gov.in/js/cssverticalmenu.js:6)

  :262 in error
[ERROR - 2015-09-14T19:23:02.790Z] Session [47acdca0-5b15-11e5-ae0e-45d17482e9c3] - page.onError - msg: TypeError: null is not an object (evaluating 'document.getElementById(menuids[i]).getElementsByTagName')

  :262 in error
[ERROR - 2015-09-14T19:23:02.790Z] Session [47acdca0-5b15-11e5-ae0e-45d17482e9c3] - page.onError - stack:
  createcssmenu (http://farmer.gov.in/js/cssverticalmenu.js:6)

  :262 in error
[ERROR - 2015-09-14T19:23:15.521Z] Session [47acdca0-5b15-11e5-ae0e-45d17482e9c3] - page.onError - msg: TypeError: null is not an object (evaluating 'document.getElementById(menuids[i]).getElementsByTagName')

  :262 in error
[ERROR - 2015-09-14T19:23:15.521Z] Session [47acdca0-5b15-11e5-ae0e-45d17482e9c3] - page.onError - stack:
  createcssmenu (http://farmer.gov.in/js/cssverticalmenu.js:6)

  :262 in error
[ERROR - 2015-09-14T19:23:31.624Z] Session [47acdca0-5b15-11e5-ae0e-45d17482e9c3] - page.onError - msg: TypeError: null is not an object (evaluating 'document.getElementById(menuids[i]).getElementsByTagName')

  :262 in error
[ERROR - 2015-09-14T19:23:31.624Z] Session [47acdca0-5b15-11e5-ae0e-45d17482e9c3] - page.onError - stack:
  createcssmenu (http://farmer.gov.in/js/cssverticalmenu.js:6)

  :262 in error
[ERROR - 2015-09-14T19:23:43.106Z] Session [47acdca0-5b15-11e5-ae0e-45d17482e9c3] - page.onError - msg: TypeError: null is not an object (evaluating 'document.getElementById(menuids[i]).getElementsByTagName')

  :262 in error
[ERROR - 2015-09-14T19:23:43.107Z] Session [47acdca0-5b15-11e5-ae0e-45d17482e9c3] - page.onError - stack:
  createcssmenu (http://farmer.gov.in/js/cssverticalmenu.js:6)

  :262 in error
[ERROR - 2015-09-14T19:23:58.599Z] Session [47acdca0-5b15-11e5-ae0e-45d17482e9c3] - page.onError - msg: TypeError: null is not an object (evaluating 'document.getElementById(menuids[i]).getElementsByTagName')

  :262 in error
[ERROR - 2015-09-14T19:23:58.599Z] Session [47acdca0-5b15-11e5-ae0e-45d17482e9c3] - page.onError - stack:
  createcssmenu (http://farmer.gov.in/js/cssverticalmenu.js:6)

  :262 in error
[ERROR - 2015-09-14T19:24:11.439Z] Session [47acdca0-5b15-11e5-ae0e-45d17482e9c3] - page.onError - msg: TypeError: null is not an object (evaluating 'document.getElementById(menuids[i]).getElementsByTagName')

  :262 in error
[ERROR - 2015-09-14T19:24:11.440Z] Session [47acdca0-5b15-11e5-ae0e-45d17482e9c3] - page.onError - stack:
  createcssmenu (http://farmer.gov.in/js/cssverticalmenu.js:6)

  :262 in error
[ERROR - 2015-09-14T19:24:29.079Z] Session [47acdca0-5b15-11e5-ae0e-45d17482e9c3] - page.onError - msg: TypeError: null is not an object (evaluating 'document.getElementById(menuids[i]).getElementsByTagName')

  :262 in error
[ERROR - 2015-09-14T19:24:29.080Z] Session [47acdca0-5b15-11e5-ae0e-45d17482e9c3] - page.onError - stack:
  createcssmenu (http://farmer.gov.in/js/cssverticalmenu.js:6)

  :262 in error
[ERROR - 2015-09-14T19:24:39.395Z] Session [47acdca0-5b15-11e5-ae0e-45d17482e9c3] - page.onError - msg: TypeError: null is not an object (evaluating 'document.getElementById(menuids[i]).getElementsByTagName')

  :262 in error
[ERROR - 2015-09-14T19:24:39.396Z] Session [47acdca0-5b15-11e5-ae0e-45d17482e9c3] - page.onError - stack:
  createcssmenu (http://farmer.gov.in/js/cssverticalmenu.js:6)

  :262 in error
[ERROR - 2015-09-14T19:24:56.692Z] Session [47acdca0-5b15-11e5-ae0e-45d17482e9c3] - page.onError - msg: TypeError: null is not an object (evaluating 'document.getElementById(menuids[i]).getElementsByTagName')

  :262 in error
[ERROR - 2015-09-14T19:24:56.693Z] Session [47acdca0-5b15-11e5-ae0e-45d17482e9c3] - page.onError - stack:
  createcssmenu (http://farmer.gov.in/js/cssverticalmenu.js:6)

  :262 in error
[ERROR - 2015-09-14T19:25:08.247Z] Session [47acdca0-5b15-11e5-ae0e-45d17482e9c3] - page.onError - msg: TypeError: null is not an object (evaluating 'document.getElementById(menuids[i]).getElementsByTagName')

  :262 in error
[ERROR - 2015-09-14T19:25:08.249Z] Session [47acdca0-5b15-11e5-ae0e-45d17482e9c3] - page.onError - stack:
  createcssmenu (http://farmer.gov.in/js/cssverticalmenu.js:6)

  :262 in error
[ERROR - 2015-09-14T19:25:24.270Z] Session [47acdca0-5b15-11e5-ae0e-45d17482e9c3] - page.onError - msg: TypeError: null is not an object (evaluating 'document.getElementById(menuids[i]).getElementsByTagName')

  :262 in error
[ERROR - 2015-09-14T19:25:24.271Z] Session [47acdca0-5b15-11e5-ae0e-45d17482e9c3] - page.onError - stack:
  createcssmenu (http://farmer.gov.in/js/cssverticalmenu.js:6)

  :262 in error
[ERROR - 2015-09-14T19:25:34.435Z] Session [47acdca0-5b15-11e5-ae0e-45d17482e9c3] - page.onError - msg: TypeError: null is not an object (evaluating 'document.getElementById(menuids[i]).getElementsByTagName')

  :262 in error
[ERROR - 2015-09-14T19:25:34.435Z] Session [47acdca0-5b15-11e5-ae0e-45d17482e9c3] - page.onError - stack:
  createcssmenu (http://farmer.gov.in/js/cssverticalmenu.js:6)

  :262 in error
[ERROR - 2015-09-14T19:25:50.592Z] Session [47acdca0-5b15-11e5-ae0e-45d17482e9c3] - page.onError - msg: TypeError: null is not an object (evaluating 'document.getElementById(menuids[i]).getElementsByTagName')

  :262 in error
[ERROR - 2015-09-14T19:25:50.592Z] Session [47acdca0-5b15-11e5-ae0e-45d17482e9c3] - page.onError - stack:
  createcssmenu (http://farmer.gov.in/js/cssverticalmenu.js:6)

  :262 in error
[ERROR - 2015-09-14T19:26:04.227Z] Session [47acdca0-5b15-11e5-ae0e-45d17482e9c3] - page.onError - msg: TypeError: null is not an object (evaluating 'document.getElementById(menuids[i]).getElementsByTagName')

  :262 in error
[ERROR - 2015-09-14T19:26:04.228Z] Session [47acdca0-5b15-11e5-ae0e-45d17482e9c3] - page.onError - stack:
  createcssmenu (http://farmer.gov.in/js/cssverticalmenu.js:6)

  :262 in error
[ERROR - 2015-09-14T19:26:20.182Z] Session [47acdca0-5b15-11e5-ae0e-45d17482e9c3] - page.onError - msg: TypeError: null is not an object (evaluating 'document.getElementById(menuids[i]).getElementsByTagName')

  :262 in error
[ERROR - 2015-09-14T19:26:20.183Z] Session [47acdca0-5b15-11e5-ae0e-45d17482e9c3] - page.onError - stack:
  createcssmenu (http://farmer.gov.in/js/cssverticalmenu.js:6)

  :262 in error
[ERROR - 2015-09-14T19:26:31.946Z] Session [47acdca0-5b15-11e5-ae0e-45d17482e9c3] - page.onError - msg: TypeError: null is not an object (evaluating 'document.getElementById(menuids[i]).getElementsByTagName')

  :262 in error
[ERROR - 2015-09-14T19:26:31.947Z] Session [47acdca0-5b15-11e5-ae0e-45d17482e9c3] - page.onError - stack:
  createcssmenu (http://farmer.gov.in/js/cssverticalmenu.js:6)

  :262 in error
[ERROR - 2015-09-14T19:26:48.250Z] Session [47acdca0-5b15-11e5-ae0e-45d17482e9c3] - page.onError - msg: TypeError: null is not an object (evaluating 'document.getElementById(menuids[i]).getElementsByTagName')

  :262 in error
[ERROR - 2015-09-14T19:26:48.250Z] Session [47acdca0-5b15-11e5-ae0e-45d17482e9c3] - page.onError - stack:
  createcssmenu (http://farmer.gov.in/js/cssverticalmenu.js:6)

  :262 in error
[ERROR - 2015-09-14T19:27:01.857Z] Session [47acdca0-5b15-11e5-ae0e-45d17482e9c3] - page.onError - msg: TypeError: null is not an object (evaluating 'document.getElementById(menuids[i]).getElementsByTagName')

  :262 in error
[ERROR - 2015-09-14T19:27:01.857Z] Session [47acdca0-5b15-11e5-ae0e-45d17482e9c3] - page.onError - stack:
  createcssmenu (http://farmer.gov.in/js/cssverticalmenu.js:6)

  :262 in error
[ERROR - 2015-09-14T19:27:18.583Z] Session [47acdca0-5b15-11e5-ae0e-45d17482e9c3] - page.onError - msg: TypeError: null is not an object (evaluating 'document.getElementById(menuids[i]).getElementsByTagName')

  :262 in error
[ERROR - 2015-09-14T19:27:18.583Z] Session [47acdca0-5b15-11e5-ae0e-45d17482e9c3] - page.onError - stack:
  createcssmenu (http://farmer.gov.in/js/cssverticalmenu.js:6)

  :262 in error
[ERROR - 2015-09-14T19:27:30.517Z] Session [47acdca0-5b15-11e5-ae0e-45d17482e9c3] - page.onError - msg: TypeError: null is not an object (evaluating 'document.getElementById(menuids[i]).getElementsByTagName')

  :262 in error
[ERROR - 2015-09-14T19:27:30.518Z] Session [47acdca0-5b15-11e5-ae0e-45d17482e9c3] - page.onError - stack:
  createcssmenu (http://farmer.gov.in/js/cssverticalmenu.js:6)

  :262 in error
[INFO  - 2015-09-14T19:27:45.692Z] SessionManagerReqHand - _cleanupWindowlessSessions - Asynchronous Sessions clean-up phase starting NOW
[ERROR - 2015-09-14T19:27:48.256Z] Session [47acdca0-5b15-11e5-ae0e-45d17482e9c3] - page.onError - msg: TypeError: null is not an object (evaluating 'document.getElementById(menuids[i]).getElementsByTagName')

  :262 in error
[ERROR - 2015-09-14T19:27:48.256Z] Session [47acdca0-5b15-11e5-ae0e-45d17482e9c3] - page.onError - stack:
  createcssmenu (http://farmer.gov.in/js/cssverticalmenu.js:6)

  :262 in error
[ERROR - 2015-09-14T19:28:01.553Z] Session [47acdca0-5b15-11e5-ae0e-45d17482e9c3] - page.onError - msg: TypeError: null is not an object (evaluating 'document.getElementById(menuids[i]).getElementsByTagName')

  :262 in error
[ERROR - 2015-09-14T19:28:01.554Z] Session [47acdca0-5b15-11e5-ae0e-45d17482e9c3] - page.onError - stack:
  createcssmenu (http://farmer.gov.in/js/cssverticalmenu.js:6)

  :262 in error
[ERROR - 2015-09-14T19:28:17.553Z] Session [47acdca0-5b15-11e5-ae0e-45d17482e9c3] - page.onError - msg: TypeError: null is not an object (evaluating 'document.getElementById(menuids[i]).getElementsByTagName')

  :262 in error
[ERROR - 2015-09-14T19:28:17.554Z] Session [47acdca0-5b15-11e5-ae0e-45d17482e9c3] - page.onError - stack:
  createcssmenu (http://farmer.gov.in/js/cssverticalmenu.js:6)

  :262 in error
[ERROR - 2015-09-14T19:28:29.100Z] Session [47acdca0-5b15-11e5-ae0e-45d17482e9c3] - page.onError - msg: TypeError: null is not an object (evaluating 'document.getElementById(menuids[i]).getElementsByTagName')

  :262 in error
[ERROR - 2015-09-14T19:28:29.100Z] Session [47acdca0-5b15-11e5-ae0e-45d17482e9c3] - page.onError - stack:
  createcssmenu (http://farmer.gov.in/js/cssverticalmenu.js:6)

  :262 in error
[ERROR - 2015-09-14T19:28:38.158Z] Session [47acdca0-5b15-11e5-ae0e-45d17482e9c3] - page.onError - msg: TypeError: null is not an object (evaluating 'document.getElementById(menuids[i]).getElementsByTagName')

  :262 in error
[ERROR - 2015-09-14T19:28:38.159Z] Session [47acdca0-5b15-11e5-ae0e-45d17482e9c3] - page.onError - stack:
  createcssmenu (http://farmer.gov.in/js/cssverticalmenu.js:6)

  :262 in error
[ERROR - 2015-09-14T19:28:53.447Z] Session [47acdca0-5b15-11e5-ae0e-45d17482e9c3] - page.onError - msg: TypeError: null is not an object (evaluating 'document.getElementById(menuids[i]).getElementsByTagName')

  :262 in error
[ERROR - 2015-09-14T19:28:53.447Z] Session [47acdca0-5b15-11e5-ae0e-45d17482e9c3] - page.onError - stack:
  createcssmenu (http://farmer.gov.in/js/cssverticalmenu.js:6)

  :262 in error
[ERROR - 2015-09-14T19:29:02.149Z] Session [47acdca0-5b15-11e5-ae0e-45d17482e9c3] - page.onError - msg: TypeError: null is not an object (evaluating 'document.getElementById(menuids[i]).getElementsByTagName')

  :262 in error
[ERROR - 2015-09-14T19:29:02.150Z] Session [47acdca0-5b15-11e5-ae0e-45d17482e9c3] - page.onError - stack:
  createcssmenu (http://farmer.gov.in/js/cssverticalmenu.js:6)

  :262 in error
[ERROR - 2015-09-14T19:29:17.322Z] Session [47acdca0-5b15-11e5-ae0e-45d17482e9c3] - page.onError - msg: TypeError: null is not an object (evaluating 'document.getElementById(menuids[i]).getElementsByTagName')

  :262 in error
[ERROR - 2015-09-14T19:29:17.322Z] Session [47acdca0-5b15-11e5-ae0e-45d17482e9c3] - page.onError - stack:
  createcssmenu (http://farmer.gov.in/js/cssverticalmenu.js:6)

  :262 in error
[ERROR - 2015-09-14T19:29:26.843Z] Session [47acdca0-5b15-11e5-ae0e-45d17482e9c3] - page.onError - msg: TypeError: null is not an object (evaluating 'document.getElementById(menuids[i]).getElementsByTagName')

  :262 in error
[ERROR - 2015-09-14T19:29:26.843Z] Session [47acdca0-5b15-11e5-ae0e-45d17482e9c3] - page.onError - stack:
  createcssmenu (http://farmer.gov.in/js/cssverticalmenu.js:6)

  :262 in error
[ERROR - 2015-09-14T19:29:41.892Z] Session [47acdca0-5b15-11e5-ae0e-45d17482e9c3] - page.onError - msg: TypeError: null is not an object (evaluating 'document.getElementById(menuids[i]).getElementsByTagName')

  :262 in error
[ERROR - 2015-09-14T19:29:41.892Z] Session [47acdca0-5b15-11e5-ae0e-45d17482e9c3] - page.onError - stack:
  createcssmenu (http://farmer.gov.in/js/cssverticalmenu.js:6)

  :262 in error
[ERROR - 2015-09-14T19:29:51.206Z] Session [47acdca0-5b15-11e5-ae0e-45d17482e9c3] - page.onError - msg: TypeError: null is not an object (evaluating 'document.getElementById(menuids[i]).getElementsByTagName')

  :262 in error
[ERROR - 2015-09-14T19:29:51.206Z] Session [47acdca0-5b15-11e5-ae0e-45d17482e9c3] - page.onError - stack:
  createcssmenu (http://farmer.gov.in/js/cssverticalmenu.js:6)

  :262 in error
[ERROR - 2015-09-14T19:30:06.510Z] Session [47acdca0-5b15-11e5-ae0e-45d17482e9c3] - page.onError - msg: TypeError: null is not an object (evaluating 'document.getElementById(menuids[i]).getElementsByTagName')

  :262 in error
[ERROR - 2015-09-14T19:30:06.510Z] Session [47acdca0-5b15-11e5-ae0e-45d17482e9c3] - page.onError - stack:
  createcssmenu (http://farmer.gov.in/js/cssverticalmenu.js:6)

  :262 in error
[ERROR - 2015-09-14T19:30:15.237Z] Session [47acdca0-5b15-11e5-ae0e-45d17482e9c3] - page.onError - msg: TypeError: null is not an object (evaluating 'document.getElementById(menuids[i]).getElementsByTagName')

  :262 in error
[ERROR - 2015-09-14T19:30:15.237Z] Session [47acdca0-5b15-11e5-ae0e-45d17482e9c3] - page.onError - stack:
  createcssmenu (http://farmer.gov.in/js/cssverticalmenu.js:6)

  :262 in error
[ERROR - 2015-09-14T19:30:30.432Z] Session [47acdca0-5b15-11e5-ae0e-45d17482e9c3] - page.onError - msg: TypeError: null is not an object (evaluating 'document.getElementById(menuids[i]).getElementsByTagName')

  :262 in error
[ERROR - 2015-09-14T19:30:30.432Z] Session [47acdca0-5b15-11e5-ae0e-45d17482e9c3] - page.onError - stack:
  createcssmenu (http://farmer.gov.in/js/cssverticalmenu.js:6)

  :262 in error
[ERROR - 2015-09-14T19:30:38.915Z] Session [47acdca0-5b15-11e5-ae0e-45d17482e9c3] - page.onError - msg: TypeError: null is not an object (evaluating 'document.getElementById(menuids[i]).getElementsByTagName')

  :262 in error
[ERROR - 2015-09-14T19:30:38.916Z] Session [47acdca0-5b15-11e5-ae0e-45d17482e9c3] - page.onError - stack:
  createcssmenu (http://farmer.gov.in/js/cssverticalmenu.js:6)

  :262 in error
[ERROR - 2015-09-14T19:30:53.300Z] Session [47acdca0-5b15-11e5-ae0e-45d17482e9c3] - page.onError - msg: TypeError: null is not an object (evaluating 'document.getElementById(menuids[i]).getElementsByTagName')

  :262 in error
[ERROR - 2015-09-14T19:30:53.300Z] Session [47acdca0-5b15-11e5-ae0e-45d17482e9c3] - page.onError - stack:
  createcssmenu (http://farmer.gov.in/js/cssverticalmenu.js:6)

  :262 in error
[ERROR - 2015-09-14T19:31:01.729Z] Session [47acdca0-5b15-11e5-ae0e-45d17482e9c3] - page.onError - msg: TypeError: null is not an object (evaluating 'document.getElementById(menuids[i]).getElementsByTagName')

  :262 in error
[ERROR - 2015-09-14T19:31:01.729Z] Session [47acdca0-5b15-11e5-ae0e-45d17482e9c3] - page.onError - stack:
  createcssmenu (http://farmer.gov.in/js/cssverticalmenu.js:6)

  :262 in error
[ERROR - 2015-09-14T19:31:16.673Z] Session [47acdca0-5b15-11e5-ae0e-45d17482e9c3] - page.onError - msg: TypeError: null is not an object (evaluating 'document.getElementById(menuids[i]).getElementsByTagName')

  :262 in error
[ERROR - 2015-09-14T19:31:16.673Z] Session [47acdca0-5b15-11e5-ae0e-45d17482e9c3] - page.onError - stack:
  createcssmenu (http://farmer.gov.in/js/cssverticalmenu.js:6)

  :262 in error
[ERROR - 2015-09-14T19:31:25.110Z] Session [47acdca0-5b15-11e5-ae0e-45d17482e9c3] - page.onError - msg: TypeError: null is not an object (evaluating 'document.getElementById(menuids[i]).getElementsByTagName')

  :262 in error
[ERROR - 2015-09-14T19:31:25.110Z] Session [47acdca0-5b15-11e5-ae0e-45d17482e9c3] - page.onError - stack:
  createcssmenu (http://farmer.gov.in/js/cssverticalmenu.js:6)

  :262 in error
[ERROR - 2015-09-14T19:31:39.948Z] Session [47acdca0-5b15-11e5-ae0e-45d17482e9c3] - page.onError - msg: TypeError: null is not an object (evaluating 'document.getElementById(menuids[i]).getElementsByTagName')

  :262 in error
[ERROR - 2015-09-14T19:31:39.949Z] Session [47acdca0-5b15-11e5-ae0e-45d17482e9c3] - page.onError - stack:
  createcssmenu (http://farmer.gov.in/js/cssverticalmenu.js:6)

  :262 in error
[ERROR - 2015-09-14T19:31:48.547Z] Session [47acdca0-5b15-11e5-ae0e-45d17482e9c3] - page.onError - msg: TypeError: null is not an object (evaluating 'document.getElementById(menuids[i]).getElementsByTagName')

  :262 in error
[ERROR - 2015-09-14T19:31:48.548Z] Session [47acdca0-5b15-11e5-ae0e-45d17482e9c3] - page.onError - stack:
  createcssmenu (http://farmer.gov.in/js/cssverticalmenu.js:6)

  :262 in error
[ERROR - 2015-09-14T19:32:03.694Z] Session [47acdca0-5b15-11e5-ae0e-45d17482e9c3] - page.onError - msg: TypeError: null is not an object (evaluating 'document.getElementById(menuids[i]).getElementsByTagName')

  :262 in error
[ERROR - 2015-09-14T19:32:03.694Z] Session [47acdca0-5b15-11e5-ae0e-45d17482e9c3] - page.onError - stack:
  createcssmenu (http://farmer.gov.in/js/cssverticalmenu.js:6)

  :262 in error
[ERROR - 2015-09-14T19:32:10.792Z] Session [47acdca0-5b15-11e5-ae0e-45d17482e9c3] - page.onError - msg: TypeError: null is not an object (evaluating 'document.getElementById(menuids[i]).getElementsByTagName')

  :262 in error
[ERROR - 2015-09-14T19:32:10.792Z] Session [47acdca0-5b15-11e5-ae0e-45d17482e9c3] - page.onError - stack:
  createcssmenu (http://farmer.gov.in/js/cssverticalmenu.js:6)

  :262 in error
[ERROR - 2015-09-14T19:32:19.423Z] Session [47acdca0-5b15-11e5-ae0e-45d17482e9c3] - page.onError - msg: TypeError: null is not an object (evaluating 'document.getElementById(menuids[i]).getElementsByTagName')

  :262 in error
[ERROR - 2015-09-14T19:32:19.423Z] Session [47acdca0-5b15-11e5-ae0e-45d17482e9c3] - page.onError - stack:
  createcssmenu (http://farmer.gov.in/js/cssverticalmenu.js:6)

  :262 in error
[ERROR - 2015-09-14T19:32:36.777Z] Session [47acdca0-5b15-11e5-ae0e-45d17482e9c3] - page.onError - msg: TypeError: null is not an object (evaluating 'document.getElementById(menuids[i]).getElementsByTagName')

  :262 in error
[ERROR - 2015-09-14T19:32:36.777Z] Session [47acdca0-5b15-11e5-ae0e-45d17482e9c3] - page.onError - stack:
  createcssmenu (http://farmer.gov.in/js/cssverticalmenu.js:6)

  :262 in error
[INFO  - 2015-09-14T19:32:45.867Z] SessionManagerReqHand - _cleanupWindowlessSessions - Asynchronous Sessions clean-up phase starting NOW
[ERROR - 2015-09-14T19:32:57.437Z] Session [47acdca0-5b15-11e5-ae0e-45d17482e9c3] - page.onError - msg: TypeError: null is not an object (evaluating 'document.getElementById(menuids[i]).getElementsByTagName')

  :262 in error
[ERROR - 2015-09-14T19:32:57.437Z] Session [47acdca0-5b15-11e5-ae0e-45d17482e9c3] - page.onError - stack:
  createcssmenu (http://farmer.gov.in/js/cssverticalmenu.js:6)

  :262 in error
[ERROR - 2015-09-14T19:33:14.092Z] Session [47acdca0-5b15-11e5-ae0e-45d17482e9c3] - page.onError - msg: TypeError: null is not an object (evaluating 'document.getElementById(menuids[i]).getElementsByTagName')

  :262 in error
[ERROR - 2015-09-14T19:33:14.092Z] Session [47acdca0-5b15-11e5-ae0e-45d17482e9c3] - page.onError - stack:
  createcssmenu (http://farmer.gov.in/js/cssverticalmenu.js:6)

  :262 in error
[ERROR - 2015-09-14T19:33:27.277Z] Session [47acdca0-5b15-11e5-ae0e-45d17482e9c3] - page.onError - msg: TypeError: null is not an object (evaluating 'document.getElementById(menuids[i]).getElementsByTagName')

  :262 in error
[ERROR - 2015-09-14T19:33:27.277Z] Session [47acdca0-5b15-11e5-ae0e-45d17482e9c3] - page.onError - stack:
  createcssmenu (http://farmer.gov.in/js/cssverticalmenu.js:6)

  :262 in error
[ERROR - 2015-09-14T19:33:46.790Z] Session [47acdca0-5b15-11e5-ae0e-45d17482e9c3] - page.onError - msg: TypeError: null is not an object (evaluating 'document.getElementById(menuids[i]).getElementsByTagName')

  :262 in error
[ERROR - 2015-09-14T19:33:46.790Z] Session [47acdca0-5b15-11e5-ae0e-45d17482e9c3] - page.onError - stack:
  createcssmenu (http://farmer.gov.in/js/cssverticalmenu.js:6)

  :262 in error
[ERROR - 2015-09-14T19:34:13.822Z] Session [47acdca0-5b15-11e5-ae0e-45d17482e9c3] - page.onError - msg: TypeError: null is not an object (evaluating 'document.getElementById(menuids[i]).getElementsByTagName')

  :262 in error
[ERROR - 2015-09-14T19:34:13.822Z] Session [47acdca0-5b15-11e5-ae0e-45d17482e9c3] - page.onError - stack:
  createcssmenu (http://farmer.gov.in/js/cssverticalmenu.js:6)

  :262 in error
[ERROR - 2015-09-14T19:34:34.065Z] Session [47acdca0-5b15-11e5-ae0e-45d17482e9c3] - page.onError - msg: TypeError: null is not an object (evaluating 'document.getElementById(menuids[i]).getElementsByTagName')

  :262 in error
[ERROR - 2015-09-14T19:34:34.065Z] Session [47acdca0-5b15-11e5-ae0e-45d17482e9c3] - page.onError - stack:
  createcssmenu (http://farmer.gov.in/js/cssverticalmenu.js:6)

  :262 in error
[ERROR - 2015-09-14T19:35:02.835Z] Session [47acdca0-5b15-11e5-ae0e-45d17482e9c3] - page.onError - msg: TypeError: null is not an object (evaluating 'document.getElementById(menuids[i]).getElementsByTagName')

  :262 in error
[ERROR - 2015-09-14T19:35:02.835Z] Session [47acdca0-5b15-11e5-ae0e-45d17482e9c3] - page.onError - stack:
  createcssmenu (http://farmer.gov.in/js/cssverticalmenu.js:6)

  :262 in error
[ERROR - 2015-09-14T19:35:21.475Z] Session [47acdca0-5b15-11e5-ae0e-45d17482e9c3] - page.onError - msg: TypeError: null is not an object (evaluating 'document.getElementById(menuids[i]).getElementsByTagName')

  :262 in error
[ERROR - 2015-09-14T19:35:21.476Z] Session [47acdca0-5b15-11e5-ae0e-45d17482e9c3] - page.onError - stack:
  createcssmenu (http://farmer.gov.in/js/cssverticalmenu.js:6)

  :262 in error
[ERROR - 2015-09-14T19:35:40.449Z] Session [47acdca0-5b15-11e5-ae0e-45d17482e9c3] - page.onError - msg: TypeError: null is not an object (evaluating 'document.getElementById(menuids[i]).getElementsByTagName')

  :262 in error
[ERROR - 2015-09-14T19:35:40.449Z] Session [47acdca0-5b15-11e5-ae0e-45d17482e9c3] - page.onError - stack:
  createcssmenu (http://farmer.gov.in/js/cssverticalmenu.js:6)

  :262 in error
[ERROR - 2015-09-14T19:35:58.749Z] Session [47acdca0-5b15-11e5-ae0e-45d17482e9c3] - page.onError - msg: TypeError: null is not an object (evaluating 'document.getElementById(menuids[i]).getElementsByTagName')

  :262 in error
[ERROR - 2015-09-14T19:35:58.749Z] Session [47acdca0-5b15-11e5-ae0e-45d17482e9c3] - page.onError - stack:
  createcssmenu (http://farmer.gov.in/js/cssverticalmenu.js:6)

  :262 in error
[ERROR - 2015-09-14T19:36:15.636Z] Session [47acdca0-5b15-11e5-ae0e-45d17482e9c3] - page.onError - msg: TypeError: null is not an object (evaluating 'document.getElementById(menuids[i]).getElementsByTagName')

  :262 in error
[ERROR - 2015-09-14T19:36:15.636Z] Session [47acdca0-5b15-11e5-ae0e-45d17482e9c3] - page.onError - stack:
  createcssmenu (http://farmer.gov.in/js/cssverticalmenu.js:6)

  :262 in error
[ERROR - 2015-09-14T19:36:34.344Z] Session [47acdca0-5b15-11e5-ae0e-45d17482e9c3] - page.onError - msg: TypeError: null is not an object (evaluating 'document.getElementById(menuids[i]).getElementsByTagName')

  :262 in error
[ERROR - 2015-09-14T19:36:34.345Z] Session [47acdca0-5b15-11e5-ae0e-45d17482e9c3] - page.onError - stack:
  createcssmenu (http://farmer.gov.in/js/cssverticalmenu.js:6)

  :262 in error
[ERROR - 2015-09-14T19:36:56.850Z] Session [47acdca0-5b15-11e5-ae0e-45d17482e9c3] - page.onError - msg: TypeError: null is not an object (evaluating 'document.getElementById(menuids[i]).getElementsByTagName')

  :262 in error
[ERROR - 2015-09-14T19:36:56.850Z] Session [47acdca0-5b15-11e5-ae0e-45d17482e9c3] - page.onError - stack:
  createcssmenu (http://farmer.gov.in/js/cssverticalmenu.js:6)

  :262 in error
[ERROR - 2015-09-14T19:37:15.219Z] Session [47acdca0-5b15-11e5-ae0e-45d17482e9c3] - page.onError - msg: TypeError: null is not an object (evaluating 'document.getElementById(menuids[i]).getElementsByTagName')

  :262 in error
[ERROR - 2015-09-14T19:37:15.219Z] Session [47acdca0-5b15-11e5-ae0e-45d17482e9c3] - page.onError - stack:
  createcssmenu (http://farmer.gov.in/js/cssverticalmenu.js:6)

  :262 in error
[ERROR - 2015-09-14T19:37:31.256Z] Session [47acdca0-5b15-11e5-ae0e-45d17482e9c3] - page.onError - msg: TypeError: null is not an object (evaluating 'document.getElementById(menuids[i]).getElementsByTagName')

  :262 in error
[ERROR - 2015-09-14T19:37:31.256Z] Session [47acdca0-5b15-11e5-ae0e-45d17482e9c3] - page.onError - stack:
  createcssmenu (http://farmer.gov.in/js/cssverticalmenu.js:6)

  :262 in error
[INFO  - 2015-09-14T19:37:45.873Z] SessionManagerReqHand - _cleanupWindowlessSessions - Asynchronous Sessions clean-up phase starting NOW
[ERROR - 2015-09-14T19:37:48.149Z] Session [47acdca0-5b15-11e5-ae0e-45d17482e9c3] - page.onError - msg: TypeError: null is not an object (evaluating 'document.getElementById(menuids[i]).getElementsByTagName')

  :262 in error
[ERROR - 2015-09-14T19:37:48.149Z] Session [47acdca0-5b15-11e5-ae0e-45d17482e9c3] - page.onError - stack:
  createcssmenu (http://farmer.gov.in/js/cssverticalmenu.js:6)

  :262 in error
[ERROR - 2015-09-14T19:38:04.642Z] Session [47acdca0-5b15-11e5-ae0e-45d17482e9c3] - page.onError - msg: TypeError: null is not an object (evaluating 'document.getElementById(menuids[i]).getElementsByTagName')

  :262 in error
[ERROR - 2015-09-14T19:38:04.642Z] Session [47acdca0-5b15-11e5-ae0e-45d17482e9c3] - page.onError - stack:
  createcssmenu (http://farmer.gov.in/js/cssverticalmenu.js:6)

  :262 in error
[ERROR - 2015-09-14T19:38:23.171Z] Session [47acdca0-5b15-11e5-ae0e-45d17482e9c3] - page.onError - msg: TypeError: null is not an object (evaluating 'document.getElementById(menuids[i]).getElementsByTagName')

  :262 in error
[ERROR - 2015-09-14T19:38:23.172Z] Session [47acdca0-5b15-11e5-ae0e-45d17482e9c3] - page.onError - stack:
  createcssmenu (http://farmer.gov.in/js/cssverticalmenu.js:6)

  :262 in error
[ERROR - 2015-09-14T19:38:48.609Z] Session [47acdca0-5b15-11e5-ae0e-45d17482e9c3] - page.onError - msg: TypeError: null is not an object (evaluating 'document.getElementById(menuids[i]).getElementsByTagName')

  :262 in error
[ERROR - 2015-09-14T19:38:48.609Z] Session [47acdca0-5b15-11e5-ae0e-45d17482e9c3] - page.onError - stack:
  createcssmenu (http://farmer.gov.in/js/cssverticalmenu.js:6)

  :262 in error
[ERROR - 2015-09-14T19:39:06.138Z] Session [47acdca0-5b15-11e5-ae0e-45d17482e9c3] - page.onError - msg: TypeError: null is not an object (evaluating 'document.getElementById(menuids[i]).getElementsByTagName')

  :262 in error
[ERROR - 2015-09-14T19:39:06.138Z] Session [47acdca0-5b15-11e5-ae0e-45d17482e9c3] - page.onError - stack:
  createcssmenu (http://farmer.gov.in/js/cssverticalmenu.js:6)

  :262 in error
[ERROR - 2015-09-14T19:39:23.347Z] Session [47acdca0-5b15-11e5-ae0e-45d17482e9c3] - page.onError - msg: TypeError: null is not an object (evaluating 'document.getElementById(menuids[i]).getElementsByTagName')

  :262 in error
[ERROR - 2015-09-14T19:39:23.347Z] Session [47acdca0-5b15-11e5-ae0e-45d17482e9c3] - page.onError - stack:
  createcssmenu (http://farmer.gov.in/js/cssverticalmenu.js:6)

  :262 in error
[ERROR - 2015-09-14T19:39:40.172Z] Session [47acdca0-5b15-11e5-ae0e-45d17482e9c3] - page.onError - msg: TypeError: null is not an object (evaluating 'document.getElementById(menuids[i]).getElementsByTagName')

  :262 in error
[ERROR - 2015-09-14T19:39:40.172Z] Session [47acdca0-5b15-11e5-ae0e-45d17482e9c3] - page.onError - stack:
  createcssmenu (http://farmer.gov.in/js/cssverticalmenu.js:6)

  :262 in error
[ERROR - 2015-09-14T19:39:56.419Z] Session [47acdca0-5b15-11e5-ae0e-45d17482e9c3] - page.onError - msg: TypeError: null is not an object (evaluating 'document.getElementById(menuids[i]).getElementsByTagName')

  :262 in error
[ERROR - 2015-09-14T19:39:56.419Z] Session [47acdca0-5b15-11e5-ae0e-45d17482e9c3] - page.onError - stack:
  createcssmenu (http://farmer.gov.in/js/cssverticalmenu.js:6)

  :262 in error
[ERROR - 2015-09-14T19:40:14.037Z] Session [47acdca0-5b15-11e5-ae0e-45d17482e9c3] - page.onError - msg: TypeError: null is not an object (evaluating 'document.getElementById(menuids[i]).getElementsByTagName')

  :262 in error
[ERROR - 2015-09-14T19:40:14.037Z] Session [47acdca0-5b15-11e5-ae0e-45d17482e9c3] - page.onError - stack:
  createcssmenu (http://farmer.gov.in/js/cssverticalmenu.js:6)

  :262 in error
[ERROR - 2015-09-14T19:40:29.815Z] Session [47acdca0-5b15-11e5-ae0e-45d17482e9c3] - page.onError - msg: TypeError: null is not an object (evaluating 'document.getElementById(menuids[i]).getElementsByTagName')

  :262 in error
[ERROR - 2015-09-14T19:40:29.815Z] Session [47acdca0-5b15-11e5-ae0e-45d17482e9c3] - page.onError - stack:
  createcssmenu (http://farmer.gov.in/js/cssverticalmenu.js:6)

  :262 in error
[ERROR - 2015-09-14T19:40:50.560Z] Session [47acdca0-5b15-11e5-ae0e-45d17482e9c3] - page.onError - msg: TypeError: null is not an object (evaluating 'document.getElementById(menuids[i]).getElementsByTagName')

  :262 in error
[ERROR - 2015-09-14T19:40:50.560Z] Session [47acdca0-5b15-11e5-ae0e-45d17482e9c3] - page.onError - stack:
  createcssmenu (http://farmer.gov.in/js/cssverticalmenu.js:6)

  :262 in error
[ERROR - 2015-09-14T19:41:24.201Z] Session [47acdca0-5b15-11e5-ae0e-45d17482e9c3] - page.onError - msg: TypeError: null is not an object (evaluating 'document.getElementById(menuids[i]).getElementsByTagName')

  :262 in error
[ERROR - 2015-09-14T19:41:24.201Z] Session [47acdca0-5b15-11e5-ae0e-45d17482e9c3] - page.onError - stack:
  createcssmenu (http://farmer.gov.in/js/cssverticalmenu.js:6)

  :262 in error
[ERROR - 2015-09-14T19:41:44.129Z] Session [47acdca0-5b15-11e5-ae0e-45d17482e9c3] - page.onError - msg: TypeError: null is not an object (evaluating 'document.getElementById(menuids[i]).getElementsByTagName')

  :262 in error
[ERROR - 2015-09-14T19:41:44.130Z] Session [47acdca0-5b15-11e5-ae0e-45d17482e9c3] - page.onError - stack:
  createcssmenu (http://farmer.gov.in/js/cssverticalmenu.js:6)

  :262 in error
[ERROR - 2015-09-14T19:42:11.797Z] Session [47acdca0-5b15-11e5-ae0e-45d17482e9c3] - page.onError - msg: TypeError: null is not an object (evaluating 'document.getElementById(menuids[i]).getElementsByTagName')

  :262 in error
[ERROR - 2015-09-14T19:42:11.797Z] Session [47acdca0-5b15-11e5-ae0e-45d17482e9c3] - page.onError - stack:
  createcssmenu (http://farmer.gov.in/js/cssverticalmenu.js:6)

  :262 in error
[ERROR - 2015-09-14T19:42:31.782Z] Session [47acdca0-5b15-11e5-ae0e-45d17482e9c3] - page.onError - msg: TypeError: null is not an object (evaluating 'document.getElementById(menuids[i]).getElementsByTagName')

  :262 in error
[ERROR - 2015-09-14T19:42:31.782Z] Session [47acdca0-5b15-11e5-ae0e-45d17482e9c3] - page.onError - stack:
  createcssmenu (http://farmer.gov.in/js/cssverticalmenu.js:6)

  :262 in error
[INFO  - 2015-09-14T19:42:45.875Z] SessionManagerReqHand - _cleanupWindowlessSessions - Asynchronous Sessions clean-up phase starting NOW
[ERROR - 2015-09-14T19:42:52.725Z] Session [47acdca0-5b15-11e5-ae0e-45d17482e9c3] - page.onError - msg: TypeError: null is not an object (evaluating 'document.getElementById(menuids[i]).getElementsByTagName')

  :262 in error
[ERROR - 2015-09-14T19:42:52.725Z] Session [47acdca0-5b15-11e5-ae0e-45d17482e9c3] - page.onError - stack:
  createcssmenu (http://farmer.gov.in/js/cssverticalmenu.js:6)

  :262 in error
[ERROR - 2015-09-14T19:43:12.767Z] Session [47acdca0-5b15-11e5-ae0e-45d17482e9c3] - page.onError - msg: TypeError: null is not an object (evaluating 'document.getElementById(menuids[i]).getElementsByTagName')

  :262 in error
[ERROR - 2015-09-14T19:43:12.767Z] Session [47acdca0-5b15-11e5-ae0e-45d17482e9c3] - page.onError - stack:
  createcssmenu (http://farmer.gov.in/js/cssverticalmenu.js:6)

  :262 in error
[ERROR - 2015-09-14T19:43:41.870Z] Session [47acdca0-5b15-11e5-ae0e-45d17482e9c3] - page.onError - msg: TypeError: null is not an object (evaluating 'document.getElementById(menuids[i]).getElementsByTagName')

  :262 in error
[ERROR - 2015-09-14T19:43:41.871Z] Session [47acdca0-5b15-11e5-ae0e-45d17482e9c3] - page.onError - stack:
  createcssmenu (http://farmer.gov.in/js/cssverticalmenu.js:6)

  :262 in error
[ERROR - 2015-09-14T19:44:00.520Z] Session [47acdca0-5b15-11e5-ae0e-45d17482e9c3] - page.onError - msg: TypeError: null is not an object (evaluating 'document.getElementById(menuids[i]).getElementsByTagName')

  :262 in error
[ERROR - 2015-09-14T19:44:00.521Z] Session [47acdca0-5b15-11e5-ae0e-45d17482e9c3] - page.onError - stack:
  createcssmenu (http://farmer.gov.in/js/cssverticalmenu.js:6)

  :262 in error
[ERROR - 2015-09-14T19:44:21.132Z] Session [47acdca0-5b15-11e5-ae0e-45d17482e9c3] - page.onError - msg: TypeError: null is not an object (evaluating 'document.getElementById(menuids[i]).getElementsByTagName')

  :262 in error
[ERROR - 2015-09-14T19:44:21.132Z] Session [47acdca0-5b15-11e5-ae0e-45d17482e9c3] - page.onError - stack:
  createcssmenu (http://farmer.gov.in/js/cssverticalmenu.js:6)

  :262 in error
[ERROR - 2015-09-14T19:44:34.701Z] Session [47acdca0-5b15-11e5-ae0e-45d17482e9c3] - page.onError - msg: TypeError: null is not an object (evaluating 'document.getElementById(menuids[i]).getElementsByTagName')

  :262 in error
[ERROR - 2015-09-14T19:44:34.701Z] Session [47acdca0-5b15-11e5-ae0e-45d17482e9c3] - page.onError - stack:
  createcssmenu (http://farmer.gov.in/js/cssverticalmenu.js:6)

  :262 in error
[ERROR - 2015-09-14T19:44:53.610Z] Session [47acdca0-5b15-11e5-ae0e-45d17482e9c3] - page.onError - msg: TypeError: null is not an object (evaluating 'document.getElementById(menuids[i]).getElementsByTagName')

  :262 in error
[ERROR - 2015-09-14T19:44:53.611Z] Session [47acdca0-5b15-11e5-ae0e-45d17482e9c3] - page.onError - stack:
  createcssmenu (http://farmer.gov.in/js/cssverticalmenu.js:6)

  :262 in error
[ERROR - 2015-09-14T19:45:17.804Z] Session [47acdca0-5b15-11e5-ae0e-45d17482e9c3] - page.onError - msg: TypeError: null is not an object (evaluating 'document.getElementById(menuids[i]).getElementsByTagName')

  :262 in error
[ERROR - 2015-09-14T19:45:17.804Z] Session [47acdca0-5b15-11e5-ae0e-45d17482e9c3] - page.onError - stack:
  createcssmenu (http://farmer.gov.in/js/cssverticalmenu.js:6)

  :262 in error
[ERROR - 2015-09-14T19:45:35.677Z] Session [47acdca0-5b15-11e5-ae0e-45d17482e9c3] - page.onError - msg: TypeError: null is not an object (evaluating 'document.getElementById(menuids[i]).getElementsByTagName')

  :262 in error
[ERROR - 2015-09-14T19:45:35.677Z] Session [47acdca0-5b15-11e5-ae0e-45d17482e9c3] - page.onError - stack:
  createcssmenu (http://farmer.gov.in/js/cssverticalmenu.js:6)

  :262 in error
[ERROR - 2015-09-14T19:45:54.591Z] Session [47acdca0-5b15-11e5-ae0e-45d17482e9c3] - page.onError - msg: TypeError: null is not an object (evaluating 'document.getElementById(menuids[i]).getElementsByTagName')

  :262 in error
[ERROR - 2015-09-14T19:45:54.591Z] Session [47acdca0-5b15-11e5-ae0e-45d17482e9c3] - page.onError - stack:
  createcssmenu (http://farmer.gov.in/js/cssverticalmenu.js:6)

  :262 in error
[ERROR - 2015-09-14T19:46:13.892Z] Session [47acdca0-5b15-11e5-ae0e-45d17482e9c3] - page.onError - msg: TypeError: null is not an object (evaluating 'document.getElementById(menuids[i]).getElementsByTagName')

  :262 in error
[ERROR - 2015-09-14T19:46:13.892Z] Session [47acdca0-5b15-11e5-ae0e-45d17482e9c3] - page.onError - stack:
  createcssmenu (http://farmer.gov.in/js/cssverticalmenu.js:6)

  :262 in error
[ERROR - 2015-09-14T19:46:41.047Z] Session [47acdca0-5b15-11e5-ae0e-45d17482e9c3] - page.onError - msg: TypeError: null is not an object (evaluating 'document.getElementById(menuids[i]).getElementsByTagName')

  :262 in error
[ERROR - 2015-09-14T19:46:41.047Z] Session [47acdca0-5b15-11e5-ae0e-45d17482e9c3] - page.onError - stack:
  createcssmenu (http://farmer.gov.in/js/cssverticalmenu.js:6)

  :262 in error
[ERROR - 2015-09-14T19:46:58.921Z] Session [47acdca0-5b15-11e5-ae0e-45d17482e9c3] - page.onError - msg: TypeError: null is not an object (evaluating 'document.getElementById(menuids[i]).getElementsByTagName')

  :262 in error
[ERROR - 2015-09-14T19:46:58.923Z] Session [47acdca0-5b15-11e5-ae0e-45d17482e9c3] - page.onError - stack:
  createcssmenu (http://farmer.gov.in/js/cssverticalmenu.js:6)

  :262 in error
[ERROR - 2015-09-14T19:47:18.268Z] Session [47acdca0-5b15-11e5-ae0e-45d17482e9c3] - page.onError - msg: TypeError: null is not an object (evaluating 'document.getElementById(menuids[i]).getElementsByTagName')

  :262 in error
[ERROR - 2015-09-14T19:47:18.268Z] Session [47acdca0-5b15-11e5-ae0e-45d17482e9c3] - page.onError - stack:
  createcssmenu (http://farmer.gov.in/js/cssverticalmenu.js:6)

  :262 in error
[ERROR - 2015-09-14T19:47:37.624Z] Session [47acdca0-5b15-11e5-ae0e-45d17482e9c3] - page.onError - msg: TypeError: null is not an object (evaluating 'document.getElementById(menuids[i]).getElementsByTagName')

  :262 in error
[ERROR - 2015-09-14T19:47:37.624Z] Session [47acdca0-5b15-11e5-ae0e-45d17482e9c3] - page.onError - stack:
  createcssmenu (http://farmer.gov.in/js/cssverticalmenu.js:6)

  :262 in error
[INFO  - 2015-09-14T19:47:45.876Z] SessionManagerReqHand - _cleanupWindowlessSessions - Asynchronous Sessions clean-up phase starting NOW
[ERROR - 2015-09-14T19:48:02.895Z] Session [47acdca0-5b15-11e5-ae0e-45d17482e9c3] - page.onError - msg: TypeError: null is not an object (evaluating 'document.getElementById(menuids[i]).getElementsByTagName')

  :262 in error
[ERROR - 2015-09-14T19:48:02.895Z] Session [47acdca0-5b15-11e5-ae0e-45d17482e9c3] - page.onError - stack:
  createcssmenu (http://farmer.gov.in/js/cssverticalmenu.js:6)

  :262 in error
[ERROR - 2015-09-14T19:48:22.195Z] Session [47acdca0-5b15-11e5-ae0e-45d17482e9c3] - page.onError - msg: TypeError: null is not an object (evaluating 'document.getElementById(menuids[i]).getElementsByTagName')

  :262 in error
[ERROR - 2015-09-14T19:48:22.195Z] Session [47acdca0-5b15-11e5-ae0e-45d17482e9c3] - page.onError - stack:
  createcssmenu (http://farmer.gov.in/js/cssverticalmenu.js:6)

  :262 in error
[ERROR - 2015-09-14T19:48:42.990Z] Session [47acdca0-5b15-11e5-ae0e-45d17482e9c3] - page.onError - msg: TypeError: null is not an object (evaluating 'document.getElementById(menuids[i]).getElementsByTagName')

  :262 in error
[ERROR - 2015-09-14T19:48:42.990Z] Session [47acdca0-5b15-11e5-ae0e-45d17482e9c3] - page.onError - stack:
  createcssmenu (http://farmer.gov.in/js/cssverticalmenu.js:6)

  :262 in error
[ERROR - 2015-09-14T19:49:01.085Z] Session [47acdca0-5b15-11e5-ae0e-45d17482e9c3] - page.onError - msg: TypeError: null is not an object (evaluating 'document.getElementById(menuids[i]).getElementsByTagName')

  :262 in error
[ERROR - 2015-09-14T19:49:01.085Z] Session [47acdca0-5b15-11e5-ae0e-45d17482e9c3] - page.onError - stack:
  createcssmenu (http://farmer.gov.in/js/cssverticalmenu.js:6)

  :262 in error
[ERROR - 2015-09-14T19:49:21.196Z] Session [47acdca0-5b15-11e5-ae0e-45d17482e9c3] - page.onError - msg: TypeError: null is not an object (evaluating 'document.getElementById(menuids[i]).getElementsByTagName')

  :262 in error
[ERROR - 2015-09-14T19:49:21.196Z] Session [47acdca0-5b15-11e5-ae0e-45d17482e9c3] - page.onError - stack:
  createcssmenu (http://farmer.gov.in/js/cssverticalmenu.js:6)

  :262 in error
[ERROR - 2015-09-14T19:49:40.372Z] Session [47acdca0-5b15-11e5-ae0e-45d17482e9c3] - page.onError - msg: TypeError: null is not an object (evaluating 'document.getElementById(menuids[i]).getElementsByTagName')

  :262 in error
[ERROR - 2015-09-14T19:49:40.372Z] Session [47acdca0-5b15-11e5-ae0e-45d17482e9c3] - page.onError - stack:
  createcssmenu (http://farmer.gov.in/js/cssverticalmenu.js:6)

  :262 in error
[ERROR - 2015-09-14T19:50:02.939Z] Session [47acdca0-5b15-11e5-ae0e-45d17482e9c3] - page.onError - msg: TypeError: null is not an object (evaluating 'document.getElementById(menuids[i]).getElementsByTagName')

  :262 in error
[ERROR - 2015-09-14T19:50:02.939Z] Session [47acdca0-5b15-11e5-ae0e-45d17482e9c3] - page.onError - stack:
  createcssmenu (http://farmer.gov.in/js/cssverticalmenu.js:6)

  :262 in error
[ERROR - 2015-09-14T19:50:24.143Z] Session [47acdca0-5b15-11e5-ae0e-45d17482e9c3] - page.onError - msg: TypeError: null is not an object (evaluating 'document.getElementById(menuids[i]).getElementsByTagName')

  :262 in error
[ERROR - 2015-09-14T19:50:24.144Z] Session [47acdca0-5b15-11e5-ae0e-45d17482e9c3] - page.onError - stack:
  createcssmenu (http://farmer.gov.in/js/cssverticalmenu.js:6)

  :262 in error
[ERROR - 2015-09-14T19:50:55.774Z] Session [47acdca0-5b15-11e5-ae0e-45d17482e9c3] - page.onError - msg: TypeError: null is not an object (evaluating 'document.getElementById(menuids[i]).getElementsByTagName')

  :262 in error
[ERROR - 2015-09-14T19:50:55.774Z] Session [47acdca0-5b15-11e5-ae0e-45d17482e9c3] - page.onError - stack:
  createcssmenu (http://farmer.gov.in/js/cssverticalmenu.js:6)

  :262 in error
[ERROR - 2015-09-14T19:51:15.605Z] Session [47acdca0-5b15-11e5-ae0e-45d17482e9c3] - page.onError - msg: TypeError: null is not an object (evaluating 'document.getElementById(menuids[i]).getElementsByTagName')

  :262 in error
[ERROR - 2015-09-14T19:51:15.605Z] Session [47acdca0-5b15-11e5-ae0e-45d17482e9c3] - page.onError - stack:
  createcssmenu (http://farmer.gov.in/js/cssverticalmenu.js:6)

  :262 in error
[ERROR - 2015-09-14T19:51:42.817Z] Session [47acdca0-5b15-11e5-ae0e-45d17482e9c3] - page.onError - msg: TypeError: null is not an object (evaluating 'document.getElementById(menuids[i]).getElementsByTagName')

  :262 in error
[ERROR - 2015-09-14T19:51:42.817Z] Session [47acdca0-5b15-11e5-ae0e-45d17482e9c3] - page.onError - stack:
  createcssmenu (http://farmer.gov.in/js/cssverticalmenu.js:6)

  :262 in error
[ERROR - 2015-09-14T19:52:01.872Z] Session [47acdca0-5b15-11e5-ae0e-45d17482e9c3] - page.onError - msg: TypeError: null is not an object (evaluating 'document.getElementById(menuids[i]).getElementsByTagName')

  :262 in error
[ERROR - 2015-09-14T19:52:01.872Z] Session [47acdca0-5b15-11e5-ae0e-45d17482e9c3] - page.onError - stack:
  createcssmenu (http://farmer.gov.in/js/cssverticalmenu.js:6)

  :262 in error
[ERROR - 2015-09-14T19:52:26.413Z] Session [47acdca0-5b15-11e5-ae0e-45d17482e9c3] - page.onError - msg: TypeError: null is not an object (evaluating 'document.getElementById(menuids[i]).getElementsByTagName')

  :262 in error
[ERROR - 2015-09-14T19:52:26.413Z] Session [47acdca0-5b15-11e5-ae0e-45d17482e9c3] - page.onError - stack:
  createcssmenu (http://farmer.gov.in/js/cssverticalmenu.js:6)

  :262 in error
[ERROR - 2015-09-14T19:52:45.643Z] Session [47acdca0-5b15-11e5-ae0e-45d17482e9c3] - page.onError - msg: TypeError: null is not an object (evaluating 'document.getElementById(menuids[i]).getElementsByTagName')

  :262 in error
[ERROR - 2015-09-14T19:52:45.643Z] Session [47acdca0-5b15-11e5-ae0e-45d17482e9c3] - page.onError - stack:
  createcssmenu (http://farmer.gov.in/js/cssverticalmenu.js:6)

  :262 in error
[INFO  - 2015-09-14T19:52:45.890Z] SessionManagerReqHand - _cleanupWindowlessSessions - Asynchronous Sessions clean-up phase starting NOW
[ERROR - 2015-09-14T19:53:10.601Z] Session [47acdca0-5b15-11e5-ae0e-45d17482e9c3] - page.onError - msg: TypeError: null is not an object (evaluating 'document.getElementById(menuids[i]).getElementsByTagName')

  :262 in error
[ERROR - 2015-09-14T19:53:10.602Z] Session [47acdca0-5b15-11e5-ae0e-45d17482e9c3] - page.onError - stack:
  createcssmenu (http://farmer.gov.in/js/cssverticalmenu.js:6)

  :262 in error
[ERROR - 2015-09-14T19:53:32.360Z] Session [47acdca0-5b15-11e5-ae0e-45d17482e9c3] - page.onError - msg: TypeError: null is not an object (evaluating 'document.getElementById(menuids[i]).getElementsByTagName')

  :262 in error
[ERROR - 2015-09-14T19:53:32.360Z] Session [47acdca0-5b15-11e5-ae0e-45d17482e9c3] - page.onError - stack:
  createcssmenu (http://farmer.gov.in/js/cssverticalmenu.js:6)

  :262 in error
[ERROR - 2015-09-14T19:54:04.044Z] Session [47acdca0-5b15-11e5-ae0e-45d17482e9c3] - page.onError - msg: TypeError: null is not an object (evaluating 'document.getElementById(menuids[i]).getElementsByTagName')

  :262 in error
[ERROR - 2015-09-14T19:54:04.044Z] Session [47acdca0-5b15-11e5-ae0e-45d17482e9c3] - page.onError - stack:
  createcssmenu (http://farmer.gov.in/js/cssverticalmenu.js:6)

  :262 in error
[ERROR - 2015-09-14T19:54:23.316Z] Session [47acdca0-5b15-11e5-ae0e-45d17482e9c3] - page.onError - msg: TypeError: null is not an object (evaluating 'document.getElementById(menuids[i]).getElementsByTagName')

  :262 in error
[ERROR - 2015-09-14T19:54:23.316Z] Session [47acdca0-5b15-11e5-ae0e-45d17482e9c3] - page.onError - stack:
  createcssmenu (http://farmer.gov.in/js/cssverticalmenu.js:6)

  :262 in error
[ERROR - 2015-09-14T19:54:45.931Z] Session [47acdca0-5b15-11e5-ae0e-45d17482e9c3] - page.onError - msg: TypeError: null is not an object (evaluating 'document.getElementById(menuids[i]).getElementsByTagName')

  :262 in error
[ERROR - 2015-09-14T19:54:45.931Z] Session [47acdca0-5b15-11e5-ae0e-45d17482e9c3] - page.onError - stack:
  createcssmenu (http://farmer.gov.in/js/cssverticalmenu.js:6)

  :262 in error
[ERROR - 2015-09-14T19:55:03.707Z] Session [47acdca0-5b15-11e5-ae0e-45d17482e9c3] - page.onError - msg: TypeError: null is not an object (evaluating 'document.getElementById(menuids[i]).getElementsByTagName')

  :262 in error
[ERROR - 2015-09-14T19:55:03.708Z] Session [47acdca0-5b15-11e5-ae0e-45d17482e9c3] - page.onError - stack:
  createcssmenu (http://farmer.gov.in/js/cssverticalmenu.js:6)

  :262 in error
[ERROR - 2015-09-14T19:55:22.182Z] Session [47acdca0-5b15-11e5-ae0e-45d17482e9c3] - page.onError - msg: TypeError: null is not an object (evaluating 'document.getElementById(menuids[i]).getElementsByTagName')

  :262 in error
[ERROR - 2015-09-14T19:55:22.182Z] Session [47acdca0-5b15-11e5-ae0e-45d17482e9c3] - page.onError - stack:
  createcssmenu (http://farmer.gov.in/js/cssverticalmenu.js:6)

  :262 in error
[ERROR - 2015-09-14T19:55:41.438Z] Session [47acdca0-5b15-11e5-ae0e-45d17482e9c3] - page.onError - msg: TypeError: null is not an object (evaluating 'document.getElementById(menuids[i]).getElementsByTagName')

  :262 in error
[ERROR - 2015-09-14T19:55:41.438Z] Session [47acdca0-5b15-11e5-ae0e-45d17482e9c3] - page.onError - stack:
  createcssmenu (http://farmer.gov.in/js/cssverticalmenu.js:6)

  :262 in error
[ERROR - 2015-09-14T19:55:57.534Z] Session [47acdca0-5b15-11e5-ae0e-45d17482e9c3] - page.onError - msg: TypeError: null is not an object (evaluating 'document.getElementById(menuids[i]).getElementsByTagName')

  :262 in error
[ERROR - 2015-09-14T19:55:57.534Z] Session [47acdca0-5b15-11e5-ae0e-45d17482e9c3] - page.onError - stack:
  createcssmenu (http://farmer.gov.in/js/cssverticalmenu.js:6)

  :262 in error
[ERROR - 2015-09-14T19:56:15.042Z] Session [47acdca0-5b15-11e5-ae0e-45d17482e9c3] - page.onError - msg: TypeError: null is not an object (evaluating 'document.getElementById(menuids[i]).getElementsByTagName')

  :262 in error
[ERROR - 2015-09-14T19:56:15.042Z] Session [47acdca0-5b15-11e5-ae0e-45d17482e9c3] - page.onError - stack:
  createcssmenu (http://farmer.gov.in/js/cssverticalmenu.js:6)

  :262 in error
[ERROR - 2015-09-14T19:56:34.147Z] Session [47acdca0-5b15-11e5-ae0e-45d17482e9c3] - page.onError - msg: TypeError: null is not an object (evaluating 'document.getElementById(menuids[i]).getElementsByTagName')

  :262 in error
[ERROR - 2015-09-14T19:56:34.147Z] Session [47acdca0-5b15-11e5-ae0e-45d17482e9c3] - page.onError - stack:
  createcssmenu (http://farmer.gov.in/js/cssverticalmenu.js:6)

  :262 in error
[ERROR - 2015-09-14T19:56:53.049Z] Session [47acdca0-5b15-11e5-ae0e-45d17482e9c3] - page.onError - msg: TypeError: null is not an object (evaluating 'document.getElementById(menuids[i]).getElementsByTagName')

  :262 in error
[ERROR - 2015-09-14T19:56:53.049Z] Session [47acdca0-5b15-11e5-ae0e-45d17482e9c3] - page.onError - stack:
  createcssmenu (http://farmer.gov.in/js/cssverticalmenu.js:6)

  :262 in error
[ERROR - 2015-09-14T19:57:18.049Z] Session [47acdca0-5b15-11e5-ae0e-45d17482e9c3] - page.onError - msg: TypeError: null is not an object (evaluating 'document.getElementById(menuids[i]).getElementsByTagName')

  :262 in error
[ERROR - 2015-09-14T19:57:18.050Z] Session [47acdca0-5b15-11e5-ae0e-45d17482e9c3] - page.onError - stack:
  createcssmenu (http://farmer.gov.in/js/cssverticalmenu.js:6)

  :262 in error
[ERROR - 2015-09-14T19:57:35.032Z] Session [47acdca0-5b15-11e5-ae0e-45d17482e9c3] - page.onError - msg: TypeError: null is not an object (evaluating 'document.getElementById(menuids[i]).getElementsByTagName')

  :262 in error
[ERROR - 2015-09-14T19:57:35.032Z] Session [47acdca0-5b15-11e5-ae0e-45d17482e9c3] - page.onError - stack:
  createcssmenu (http://farmer.gov.in/js/cssverticalmenu.js:6)

  :262 in error
[INFO  - 2015-09-14T19:57:45.900Z] SessionManagerReqHand - _cleanupWindowlessSessions - Asynchronous Sessions clean-up phase starting NOW
[ERROR - 2015-09-14T19:57:50.893Z] Session [47acdca0-5b15-11e5-ae0e-45d17482e9c3] - page.onError - msg: TypeError: null is not an object (evaluating 'document.getElementById(menuids[i]).getElementsByTagName')

  :262 in error
[ERROR - 2015-09-14T19:57:50.893Z] Session [47acdca0-5b15-11e5-ae0e-45d17482e9c3] - page.onError - stack:
  createcssmenu (http://farmer.gov.in/js/cssverticalmenu.js:6)

  :262 in error
[ERROR - 2015-09-14T19:58:10.321Z] Session [47acdca0-5b15-11e5-ae0e-45d17482e9c3] - page.onError - msg: TypeError: null is not an object (evaluating 'document.getElementById(menuids[i]).getElementsByTagName')

  :262 in error
[ERROR - 2015-09-14T19:58:10.322Z] Session [47acdca0-5b15-11e5-ae0e-45d17482e9c3] - page.onError - stack:
  createcssmenu (http://farmer.gov.in/js/cssverticalmenu.js:6)

  :262 in error
[ERROR - 2015-09-14T19:58:33.389Z] Session [47acdca0-5b15-11e5-ae0e-45d17482e9c3] - page.onError - msg: TypeError: null is not an object (evaluating 'document.getElementById(menuids[i]).getElementsByTagName')

  :262 in error
[ERROR - 2015-09-14T19:58:33.390Z] Session [47acdca0-5b15-11e5-ae0e-45d17482e9c3] - page.onError - stack:
  createcssmenu (http://farmer.gov.in/js/cssverticalmenu.js:6)

  :262 in error
[ERROR - 2015-09-14T19:58:51.111Z] Session [47acdca0-5b15-11e5-ae0e-45d17482e9c3] - page.onError - msg: TypeError: null is not an object (evaluating 'document.getElementById(menuids[i]).getElementsByTagName')

  :262 in error
[ERROR - 2015-09-14T19:58:51.111Z] Session [47acdca0-5b15-11e5-ae0e-45d17482e9c3] - page.onError - stack:
  createcssmenu (http://farmer.gov.in/js/cssverticalmenu.js:6)

  :262 in error
[ERROR - 2015-09-14T19:59:02.824Z] Session [47acdca0-5b15-11e5-ae0e-45d17482e9c3] - page.onError - msg: TypeError: null is not an object (evaluating 'document.getElementById(menuids[i]).getElementsByTagName')

  :262 in error
[ERROR - 2015-09-14T19:59:02.825Z] Session [47acdca0-5b15-11e5-ae0e-45d17482e9c3] - page.onError - stack:
  createcssmenu (http://farmer.gov.in/js/cssverticalmenu.js:6)

  :262 in error
[ERROR - 2015-09-14T19:59:23.545Z] Session [47acdca0-5b15-11e5-ae0e-45d17482e9c3] - page.onError - msg: TypeError: null is not an object (evaluating 'document.getElementById(menuids[i]).getElementsByTagName')

  :262 in error
[ERROR - 2015-09-14T19:59:23.545Z] Session [47acdca0-5b15-11e5-ae0e-45d17482e9c3] - page.onError - stack:
  createcssmenu (http://farmer.gov.in/js/cssverticalmenu.js:6)

  :262 in error
[ERROR - 2015-09-14T19:59:55.868Z] Session [47acdca0-5b15-11e5-ae0e-45d17482e9c3] - page.onError - msg: TypeError: null is not an object (evaluating 'document.getElementById(menuids[i]).getElementsByTagName')

  :262 in error
[ERROR - 2015-09-14T19:59:55.869Z] Session [47acdca0-5b15-11e5-ae0e-45d17482e9c3] - page.onError - stack:
  createcssmenu (http://farmer.gov.in/js/cssverticalmenu.js:6)

  :262 in error
[ERROR - 2015-09-14T20:00:16.109Z] Session [47acdca0-5b15-11e5-ae0e-45d17482e9c3] - page.onError - msg: TypeError: null is not an object (evaluating 'document.getElementById(menuids[i]).getElementsByTagName')

  :262 in error
[ERROR - 2015-09-14T20:00:16.109Z] Session [47acdca0-5b15-11e5-ae0e-45d17482e9c3] - page.onError - stack:
  createcssmenu (http://farmer.gov.in/js/cssverticalmenu.js:6)

  :262 in error
[INFO  - 2015-09-14T20:02:45.905Z] SessionManagerReqHand - _cleanupWindowlessSessions - Asynchronous Sessions clean-up phase starting NOW
[INFO  - 2015-09-14T20:07:45.915Z] SessionManagerReqHand - _cleanupWindowlessSessions - Asynchronous Sessions clean-up phase starting NOW
[INFO  - 2015-09-14T20:12:45.920Z] SessionManagerReqHand - _cleanupWindowlessSessions - Asynchronous Sessions clean-up phase starting NOW
[INFO  - 2015-09-14T20:17:45.930Z] SessionManagerReqHand - _cleanupWindowlessSessions - Asynchronous Sessions clean-up phase starting NOW
[INFO  - 2015-09-14T20:22:45.935Z] SessionManagerReqHand - _cleanupWindowlessSessions - Asynchronous Sessions clean-up phase starting NOW
[INFO  - 2015-09-14T20:27:45.946Z] SessionManagerReqHand - _cleanupWindowlessSessions - Asynchronous Sessions clean-up phase starting NOW
[INFO  - 2015-09-14T20:32:45.951Z] SessionManagerReqHand - _cleanupWindowlessSessions - Asynchronous Sessions clean-up phase starting NOW
[INFO  - 2015-09-14T20:37:45.961Z] SessionManagerReqHand - _cleanupWindowlessSessions - Asynchronous Sessions clean-up phase starting NOW
[INFO  - 2015-09-14T20:42:45.966Z] SessionManagerReqHand - _cleanupWindowlessSessions - Asynchronous Sessions clean-up phase starting NOW
[INFO  - 2015-09-14T20:47:45.968Z] SessionManagerReqHand - _cleanupWindowlessSessions - Asynchronous Sessions clean-up phase starting NOW
[INFO  - 2015-09-14T20:52:45.970Z] SessionManagerReqHand - _cleanupWindowlessSessions - Asynchronous Sessions clean-up phase starting NOW
[INFO  - 2015-09-14T20:57:45.971Z] SessionManagerReqHand - _cleanupWindowlessSessions - Asynchronous Sessions clean-up phase starting NOW
[INFO  - 2015-09-14T21:02:45.973Z] SessionManagerReqHand - _cleanupWindowlessSessions - Asynchronous Sessions clean-up phase starting NOW
[INFO  - 2015-09-14T21:07:45.987Z] SessionManagerReqHand - _cleanupWindowlessSessions - Asynchronous Sessions clean-up phase starting NOW
[INFO  - 2015-09-14T21:12:45.988Z] SessionManagerReqHand - _cleanupWindowlessSessions - Asynchronous Sessions clean-up phase starting NOW
[INFO  - 2015-09-14T21:17:45.990Z] SessionManagerReqHand - _cleanupWindowlessSessions - Asynchronous Sessions clean-up phase starting NOW
[INFO  - 2015-09-14T21:22:45.992Z] SessionManagerReqHand - _cleanupWindowlessSessions - Asynchronous Sessions clean-up phase starting NOW
[INFO  - 2015-09-14T21:27:45.994Z] SessionManagerReqHand - _cleanupWindowlessSessions - Asynchronous Sessions clean-up phase starting NOW
[INFO  - 2015-09-14T21:32:45.996Z] SessionManagerReqHand - _cleanupWindowlessSessions - Asynchronous Sessions clean-up phase starting NOW
[INFO  - 2015-09-14T21:37:45.998Z] SessionManagerReqHand - _cleanupWindowlessSessions - Asynchronous Sessions clean-up phase starting NOW
[INFO  - 2015-09-14T21:42:46.011Z] SessionManagerReqHand - _cleanupWindowlessSessions - Asynchronous Sessions clean-up phase starting NOW
[INFO  - 2015-09-14T21:47:46.021Z] SessionManagerReqHand - _cleanupWindowlessSessions - Asynchronous Sessions clean-up phase starting NOW
[INFO  - 2015-09-14T21:52:46.023Z] SessionManagerReqHand - _cleanupWindowlessSessions - Asynchronous Sessions clean-up phase starting NOW
[INFO  - 2015-09-14T21:57:46.036Z] SessionManagerReqHand - _cleanupWindowlessSessions - Asynchronous Sessions clean-up phase starting NOW
[INFO  - 2015-09-14T22:02:46.041Z] SessionManagerReqHand - _cleanupWindowlessSessions - Asynchronous Sessions clean-up phase starting NOW
[INFO  - 2015-09-14T22:07:46.043Z] SessionManagerReqHand - _cleanupWindowlessSessions - Asynchronous Sessions clean-up phase starting NOW
[INFO  - 2015-09-14T22:12:46.045Z] SessionManagerReqHand - _cleanupWindowlessSessions - Asynchronous Sessions clean-up phase starting NOW
[INFO  - 2015-09-14T22:17:46.045Z] SessionManagerReqHand - _cleanupWindowlessSessions - Asynchronous Sessions clean-up phase starting NOW
[INFO  - 2015-09-14T22:22:46.045Z] SessionManagerReqHand - _cleanupWindowlessSessions - Asynchronous Sessions clean-up phase starting NOW
[INFO  - 2015-09-14T22:27:46.046Z] SessionManagerReqHand - _cleanupWindowlessSessions - Asynchronous Sessions clean-up phase starting NOW
[INFO  - 2015-09-14T22:32:46.046Z] SessionManagerReqHand - _cleanupWindowlessSessions - Asynchronous Sessions clean-up phase starting NOW
[INFO  - 2015-09-14T22:37:46.047Z] SessionManagerReqHand - _cleanupWindowlessSessions - Asynchronous Sessions clean-up phase starting NOW
[INFO  - 2015-09-14T22:42:46.048Z] SessionManagerReqHand - _cleanupWindowlessSessions - Asynchronous Sessions clean-up phase starting NOW
[INFO  - 2015-09-14T22:47:46.058Z] SessionManagerReqHand - _cleanupWindowlessSessions - Asynchronous Sessions clean-up phase starting NOW
[INFO  - 2015-09-14T22:52:46.068Z] SessionManagerReqHand - _cleanupWindowlessSessions - Asynchronous Sessions clean-up phase starting NOW
[INFO  - 2015-09-14T22:57:46.070Z] SessionManagerReqHand - _cleanupWindowlessSessions - Asynchronous Sessions clean-up phase starting NOW
[INFO  - 2015-09-14T23:02:46.071Z] SessionManagerReqHand - _cleanupWindowlessSessions - Asynchronous Sessions clean-up phase starting NOW
[INFO  - 2015-09-14T23:07:46.073Z] SessionManagerReqHand - _cleanupWindowlessSessions - Asynchronous Sessions clean-up phase starting NOW
[INFO  - 2015-09-14T23:12:46.090Z] SessionManagerReqHand - _cleanupWindowlessSessions - Asynchronous Sessions clean-up phase starting NOW
[INFO  - 2015-09-14T23:17:46.092Z] SessionManagerReqHand - _cleanupWindowlessSessions - Asynchronous Sessions clean-up phase starting NOW
[INFO  - 2015-09-14T23:22:46.094Z] SessionManagerReqHand - _cleanupWindowlessSessions - Asynchronous Sessions clean-up phase starting NOW
[INFO  - 2015-09-14T23:27:46.094Z] SessionManagerReqHand - _cleanupWindowlessSessions - Asynchronous Sessions clean-up phase starting NOW
[INFO  - 2015-09-14T23:32:46.094Z] SessionManagerReqHand - _cleanupWindowlessSessions - Asynchronous Sessions clean-up phase starting NOW
[INFO  - 2015-09-14T23:37:46.096Z] SessionManagerReqHand - _cleanupWindowlessSessions - Asynchronous Sessions clean-up phase starting NOW
[INFO  - 2015-09-14T23:42:46.098Z] SessionManagerReqHand - _cleanupWindowlessSessions - Asynchronous Sessions clean-up phase starting NOW
[INFO  - 2015-09-14T23:47:46.114Z] SessionManagerReqHand - _cleanupWindowlessSessions - Asynchronous Sessions clean-up phase starting NOW
[INFO  - 2015-09-14T23:52:46.116Z] SessionManagerReqHand - _cleanupWindowlessSessions - Asynchronous Sessions clean-up phase starting NOW
[INFO  - 2015-09-14T23:57:46.118Z] SessionManagerReqHand - _cleanupWindowlessSessions - Asynchronous Sessions clean-up phase starting NOW
[INFO  - 2015-09-15T00:02:46.120Z] SessionManagerReqHand - _cleanupWindowlessSessions - Asynchronous Sessions clean-up phase starting NOW
[INFO  - 2015-09-15T00:07:46.120Z] SessionManagerReqHand - _cleanupWindowlessSessions - Asynchronous Sessions clean-up phase starting NOW
[INFO  - 2015-09-15T00:12:46.120Z] SessionManagerReqHand - _cleanupWindowlessSessions - Asynchronous Sessions clean-up phase starting NOW
[INFO  - 2015-09-15T00:17:46.122Z] SessionManagerReqHand - _cleanupWindowlessSessions - Asynchronous Sessions clean-up phase starting NOW
[INFO  - 2015-09-15T00:22:46.124Z] SessionManagerReqHand - _cleanupWindowlessSessions - Asynchronous Sessions clean-up phase starting NOW
[INFO  - 2015-09-15T00:27:46.141Z] SessionManagerReqHand - _cleanupWindowlessSessions - Asynchronous Sessions clean-up phase starting NOW
[INFO  - 2015-09-15T00:32:46.142Z] SessionManagerReqHand - _cleanupWindowlessSessions - Asynchronous Sessions clean-up phase starting NOW
[INFO  - 2015-09-15T00:37:46.144Z] SessionManagerReqHand - _cleanupWindowlessSessions - Asynchronous Sessions clean-up phase starting NOW
[INFO  - 2015-09-15T00:42:46.144Z] SessionManagerReqHand - _cleanupWindowlessSessions - Asynchronous Sessions clean-up phase starting NOW
[INFO  - 2015-09-15T00:47:46.144Z] SessionManagerReqHand - _cleanupWindowlessSessions - Asynchronous Sessions clean-up phase starting NOW
[INFO  - 2015-09-15T00:52:46.146Z] SessionManagerReqHand - _cleanupWindowlessSessions - Asynchronous Sessions clean-up phase starting NOW
[INFO  - 2015-09-15T00:57:46.148Z] SessionManagerReqHand - _cleanupWindowlessSessions - Asynchronous Sessions clean-up phase starting NOW
[INFO  - 2015-09-15T01:02:46.165Z] SessionManagerReqHand - _cleanupWindowlessSessions - Asynchronous Sessions clean-up phase starting NOW
[INFO  - 2015-09-15T01:07:46.167Z] SessionManagerReqHand - _cleanupWindowlessSessions - Asynchronous Sessions clean-up phase starting NOW
[INFO  - 2015-09-15T01:12:46.168Z] SessionManagerReqHand - _cleanupWindowlessSessions - Asynchronous Sessions clean-up phase starting NOW
[INFO  - 2015-09-15T01:17:46.170Z] SessionManagerReqHand - _cleanupWindowlessSessions - Asynchronous Sessions clean-up phase starting NOW
